<?xml version="1.0" encoding="UTF-8"?>
<!-- Generated by org.testng.reporters.JUnitReportReporter -->
<testsuite hostname="Prakash" name="org.Test.Annotation" tests="1" failures="0" timestamp="3 Aug 2021 07:22:47 GMT" time="0.028" errors="0">
  <testcase name="test" time="0.028" classname="org.Test.Annotation"/>
</testsuite> <!-- org.Test.Annotation -->
